  ProyectoFinal.cpp
C:\Users\south\Desktop\Repositorio\315229781_ProyectoF_Gpo09\ProyectoFinal\ProyectoFinal\ProyectoFinal.cpp(42,14): warning C4305: 'inicializando': truncamiento de 'double' a 'float'
C:\Users\south\Desktop\Repositorio\315229781_ProyectoF_Gpo09\ProyectoFinal\ProyectoFinal\ProyectoFinal.cpp(62,11): warning C4244: 'inicializando': conversión de 'double' a 'float'; posible pérdida de datos
C:\Users\south\Desktop\Repositorio\315229781_ProyectoF_Gpo09\ProyectoFinal\ProyectoFinal\ProyectoFinal.cpp(496,24): warning C4244: 'inicializando': conversión de 'double' a 'GLfloat'; posible pérdida de datos
C:\Users\south\Desktop\Repositorio\315229781_ProyectoF_Gpo09\ProyectoFinal\ProyectoFinal\ProyectoFinal.cpp(887,94): warning C4305: 'argumento': truncamiento de 'double' a 'GLfloat'
C:\Users\south\Desktop\Repositorio\315229781_ProyectoF_Gpo09\ProyectoFinal\ProyectoFinal\ProyectoFinal.cpp(896,94): warning C4305: 'argumento': truncamiento de 'double' a 'GLfloat'
C:\Users\south\Desktop\Repositorio\315229781_ProyectoF_Gpo09\ProyectoFinal\ProyectoFinal\ProyectoFinal.cpp(905,94): warning C4305: 'argumento': truncamiento de 'double' a 'GLfloat'
C:\Users\south\Desktop\Repositorio\315229781_ProyectoF_Gpo09\ProyectoFinal\ProyectoFinal\ProyectoFinal.cpp(913,94): warning C4305: 'argumento': truncamiento de 'double' a 'GLfloat'
C:\Users\south\Desktop\Repositorio\315229781_ProyectoF_Gpo09\ProyectoFinal\ProyectoFinal\ProyectoFinal.cpp(921,94): warning C4305: 'argumento': truncamiento de 'double' a 'GLfloat'
C:\Users\south\Desktop\Repositorio\315229781_ProyectoF_Gpo09\ProyectoFinal\ProyectoFinal\ProyectoFinal.cpp(929,94): warning C4305: 'argumento': truncamiento de 'double' a 'GLfloat'
C:\Users\south\Desktop\Repositorio\315229781_ProyectoF_Gpo09\ProyectoFinal\ProyectoFinal\ProyectoFinal.cpp(937,94): warning C4305: 'argumento': truncamiento de 'double' a 'GLfloat'
C:\Users\south\Desktop\Repositorio\315229781_ProyectoF_Gpo09\ProyectoFinal\ProyectoFinal\ProyectoFinal.cpp(1127,11): warning C4244: '=': conversión de 'double' a 'GLfloat'; posible pérdida de datos
C:\Users\south\Desktop\Repositorio\315229781_ProyectoF_Gpo09\ProyectoFinal\ProyectoFinal\ProyectoFinal.cpp(1128,11): warning C4244: '=': conversión de 'double' a 'GLfloat'; posible pérdida de datos
C:\Users\south\Desktop\Repositorio\315229781_ProyectoF_Gpo09\ProyectoFinal\ProyectoFinal\ProyectoFinal.cpp(1132,18): warning C4244: 'inicializando': conversión de 'double' a 'GLfloat'; posible pérdida de datos
C:\Users\south\Desktop\Repositorio\315229781_ProyectoF_Gpo09\ProyectoFinal\ProyectoFinal\ProyectoFinal.cpp(1133,18): warning C4244: 'inicializando': conversión de 'double' a 'GLfloat'; posible pérdida de datos
C:\Users\south\Desktop\Repositorio\315229781_ProyectoF_Gpo09\ProyectoFinal\ProyectoFinal\ProyectoFinal.cpp(1135,10): warning C4244: '=': conversión de 'double' a 'GLfloat'; posible pérdida de datos
C:\Users\south\Desktop\Repositorio\315229781_ProyectoF_Gpo09\ProyectoFinal\ProyectoFinal\ProyectoFinal.cpp(1136,10): warning C4244: '=': conversión de 'double' a 'GLfloat'; posible pérdida de datos
soil2-debug.lib(SOIL2.obj) : warning LNK4075: se omite '/EDITANDCONTINUE' debido a la especificación '/OPT:ICF'
LINK : warning LNK4098: la biblioteca predeterminada'MSVCRTD' entra en conflicto con otras bibliotecas; use la biblioteca /NODEFAULTLIB:biblioteca
  Generando código
  5 of 705 functions ( 0.7%) were compiled, the rest were copied from previous compilation.
    0 functions were new in current compilation
    14 functions had inline decision re-evaluated but remain unchanged
  Generación de código finalizada
soil2-debug.lib(etc1_utils.obj) : warning LNK4099: no se encontró PDB 'soil2-debug.pdb' con 'soil2-debug.lib(etc1_utils.obj)' o en 'C:\Users\south\Desktop\Repositorio\315229781_ProyectoF_Gpo09\ProyectoFinal\Release\soil2-debug.pdb'; se vinculará el objeto sin tener en cuenta información de depuración
soil2-debug.lib(image_DXT.obj) : warning LNK4099: no se encontró PDB 'soil2-debug.pdb' con 'soil2-debug.lib(image_DXT.obj)' o en 'C:\Users\south\Desktop\Repositorio\315229781_ProyectoF_Gpo09\ProyectoFinal\Release\soil2-debug.pdb'; se vinculará el objeto sin tener en cuenta información de depuración
soil2-debug.lib(image_helper.obj) : warning LNK4099: no se encontró PDB 'soil2-debug.pdb' con 'soil2-debug.lib(image_helper.obj)' o en 'C:\Users\south\Desktop\Repositorio\315229781_ProyectoF_Gpo09\ProyectoFinal\Release\soil2-debug.pdb'; se vinculará el objeto sin tener en cuenta información de depuración
soil2-debug.lib(SOIL2.obj) : warning LNK4099: no se encontró PDB '' con 'soil2-debug.lib(SOIL2.obj)' o en ''; se vinculará el objeto sin tener en cuenta información de depuración
  ProyectoFinal.vcxproj -> C:\Users\south\Desktop\Repositorio\315229781_ProyectoF_Gpo09\ProyectoFinal\Release\ProyectoFinal.exe
